2018-07-27 01:35:41+03:00 TKLenderAPI.tranzzoMakeCardMain METHOD: MakeCardMain
request = Array
(
    [card] => 516800******3711
)

response = Array
(
    [Data] => Ok
    [Success] => 1
    [Message] => 
)


2018-07-27 01:35:43+03:00 TKLenderAPI.tranzzoDeleteCard METHOD: DeleteCard
request = Array
(
    [cardId] => 1581
)

response = Array
(
    [Data] => successfully deleted
    [Success] => 1
    [Message] => 
)


2018-07-27 01:36:24+03:00 TKLenderAPI.tranzooSendCardDetails  METHOD: setCardDetails 
request = Array
(
    [Card] => 5169360002627226
    [CardDateMonth] => 3
    [CardDateYear] => 27
    [Cvv] => ***
    [BackUrl] => http://dev.mycredit.ua/ru/lichnyj-kabinet/moi-karty/
)

response = Array
(
    [Data] => Ok
    [Success] => 1
    [Message] => 
)


2018-07-27 01:36:29+03:00 TKLenderAPI.checkStatusCard  METHOD: GetCardVerificationResult 
url = http://82.117.249.52:8888/PublicApi/GetCardVerificationResult?card=5169360002627226
response = Array
(
    [Data] => 
    [Success] => 1
    [Message] => 
)


2018-07-27 01:36:35+03:00 TKLenderAPI.checkStatusCard  METHOD: GetCardVerificationResult 
url = http://82.117.249.52:8888/PublicApi/GetCardVerificationResult?card=5169360002627226
response = Array
(
    [Data] => 
    [Success] => 1
    [Message] => 
)


2018-07-27 01:36:41+03:00 TKLenderAPI.checkStatusCard  METHOD: GetCardVerificationResult 
url = http://82.117.249.52:8888/PublicApi/GetCardVerificationResult?card=5169360002627226
response = Array
(
    [Data] => 
    [Success] => 1
    [Message] => 
)


2018-07-27 01:36:47+03:00 TKLenderAPI.checkStatusCard  METHOD: GetCardVerificationResult 
url = http://82.117.249.52:8888/PublicApi/GetCardVerificationResult?card=5169360002627226
response = Array
(
    [Data] => 
    [Success] => 1
    [Message] => 
)


2018-07-27 01:36:53+03:00 TKLenderAPI.checkStatusCard  METHOD: GetCardVerificationResult 
url = http://82.117.249.52:8888/PublicApi/GetCardVerificationResult?card=5169360002627226
response = Array
(
    [Data] => 
    [Success] => 1
    [Message] => 
)


2018-07-27 01:36:59+03:00 TKLenderAPI.checkStatusCard  METHOD: GetCardVerificationResult 
url = http://82.117.249.52:8888/PublicApi/GetCardVerificationResult?card=5169360002627226
response = Array
(
    [Data] => 
    [Success] => 1
    [Message] => 
)


2018-07-27 01:37:05+03:00 TKLenderAPI.checkStatusCard  METHOD: GetCardVerificationResult 
url = http://82.117.249.52:8888/PublicApi/GetCardVerificationResult?card=5169360002627226
response = Array
(
    [Data] => 
    [Success] => 1
    [Message] => 
)


2018-07-27 01:37:11+03:00 TKLenderAPI.checkStatusCard  METHOD: GetCardVerificationResult 
url = http://82.117.249.52:8888/PublicApi/GetCardVerificationResult?card=5169360002627226
response = Array
(
    [Data] => 
    [Success] => 1
    [Message] => 
)


2018-07-27 01:37:17+03:00 TKLenderAPI.checkStatusCard  METHOD: GetCardVerificationResult 
url = http://82.117.249.52:8888/PublicApi/GetCardVerificationResult?card=5169360002627226
response = Array
(
    [Data] => 
    [Success] => 1
    [Message] => 
)


2018-07-27 01:37:23+03:00 TKLenderAPI.checkStatusCard  METHOD: GetCardVerificationResult 
url = http://82.117.249.52:8888/PublicApi/GetCardVerificationResult?card=5169360002627226
response = Array
(
    [Data] => 
    [Success] => 1
    [Message] => 
)


2018-07-27 01:39:22+03:00 TKLenderAPI.tranzooSendCardDetails  METHOD: setCardDetails 
request = Array
(
    [Card] => 5168001003143711
    [CardDateMonth] => 7
    [CardDateYear] => 19
    [Cvv] => ***
    [BackUrl] => http://dev.mycredit.ua/ru/lichnyj-kabinet/moi-karty/
)

response = Array
(
    [Data] => Ok
    [Success] => 1
    [Message] => 
)


2018-07-27 01:39:27+03:00 TKLenderAPI.checkStatusCard  METHOD: GetCardVerificationResult 
url = http://82.117.249.52:8888/PublicApi/GetCardVerificationResult?card=5168001003143711
response = Array
(
    [Data] => 
    [Success] => 1
    [Message] => 
)


2018-07-27 01:39:33+03:00 TKLenderAPI.checkStatusCard  METHOD: GetCardVerificationResult 
url = http://82.117.249.52:8888/PublicApi/GetCardVerificationResult?card=5168001003143711
response = Array
(
    [Data] => 
    [Success] => 1
    [Message] => 
)


2018-07-27 01:39:39+03:00 TKLenderAPI.checkStatusCard  METHOD: GetCardVerificationResult 
url = http://82.117.249.52:8888/PublicApi/GetCardVerificationResult?card=5168001003143711
response = Array
(
    [Data] => 
    [Success] => 1
    [Message] => 
)


2018-07-27 01:39:45+03:00 TKLenderAPI.checkStatusCard  METHOD: GetCardVerificationResult 
url = http://82.117.249.52:8888/PublicApi/GetCardVerificationResult?card=5168001003143711
response = Array
(
    [Data] => 
    [Success] => 1
    [Message] => 
)


2018-07-27 01:39:51+03:00 TKLenderAPI.checkStatusCard  METHOD: GetCardVerificationResult 
url = http://82.117.249.52:8888/PublicApi/GetCardVerificationResult?card=5168001003143711
response = Array
(
    [Data] => 
    [Success] => 1
    [Message] => 
)


2018-07-27 01:39:57+03:00 TKLenderAPI.checkStatusCard  METHOD: GetCardVerificationResult 
url = http://82.117.249.52:8888/PublicApi/GetCardVerificationResult?card=5168001003143711
response = Array
(
    [Data] => 
    [Success] => 1
    [Message] => 
)


2018-07-27 01:40:03+03:00 TKLenderAPI.checkStatusCard  METHOD: GetCardVerificationResult 
url = http://82.117.249.52:8888/PublicApi/GetCardVerificationResult?card=5168001003143711
response = Array
(
    [Data] => 
    [Success] => 1
    [Message] => 
)


2018-07-27 01:40:09+03:00 TKLenderAPI.checkStatusCard  METHOD: GetCardVerificationResult 
url = http://82.117.249.52:8888/PublicApi/GetCardVerificationResult?card=5168001003143711
response = Array
(
    [Data] => 
    [Success] => 1
    [Message] => 
)


2018-07-27 01:40:15+03:00 TKLenderAPI.checkStatusCard  METHOD: GetCardVerificationResult 
url = http://82.117.249.52:8888/PublicApi/GetCardVerificationResult?card=5168001003143711
response = Array
(
    [Data] => 
    [Success] => 1
    [Message] => 
)


2018-07-27 01:40:21+03:00 TKLenderAPI.checkStatusCard  METHOD: GetCardVerificationResult 
url = http://82.117.249.52:8888/PublicApi/GetCardVerificationResult?card=5168001003143711
response = Array
(
    [Data] => 
    [Success] => 1
    [Message] => 
)


2018-07-27 02:32:44+03:00 TKLenderAPI.tranzzoDeleteCard METHOD: DeleteCard
request = Array
(
    [cardId] => 1581
)

response = Array
(
    [Data] => successfully deleted
    [Success] => 1
    [Message] => 
)


2018-07-27 02:34:02+03:00 TKLenderAPI.tranzooSendCardDetails  METHOD: setCardDetails 
request = Array
(
    [Card] => 5169360002267226
    [CardDateMonth] => 3
    [CardDateYear] => 27
    [Cvv] => ***
    [BackUrl] => http://dev.mycredit.ua/ru/lichnyj-kabinet/moi-karty/
)

response = Array
(
    [Success] => 
    [Message] => Bad request: Card number is not valid!
)


2018-07-27 02:34:33+03:00 TKLenderAPI.tranzooSendCardDetails  METHOD: setCardDetails 
request = Array
(
    [Card] => 5169360002627226
    [CardDateMonth] => 3
    [CardDateYear] => 27
    [Cvv] => ***
    [BackUrl] => http://dev.mycredit.ua/ru/lichnyj-kabinet/moi-karty/
)

response = Array
(
    [Data] => Ok
    [Success] => 1
    [Message] => 
)


2018-07-27 02:34:38+03:00 TKLenderAPI.checkStatusCard  METHOD: GetCardVerificationResult 
url = http://82.117.249.52:8888/PublicApi/GetCardVerificationResult?card=5169360002627226
response = Array
(
    [Data] => 
    [Success] => 1
    [Message] => 
)


2018-07-27 02:34:44+03:00 TKLenderAPI.checkStatusCard  METHOD: GetCardVerificationResult 
url = http://82.117.249.52:8888/PublicApi/GetCardVerificationResult?card=5169360002627226
response = Array
(
    [Data] => 
    [Success] => 1
    [Message] => 
)


2018-07-27 02:34:50+03:00 TKLenderAPI.checkStatusCard  METHOD: GetCardVerificationResult 
url = http://82.117.249.52:8888/PublicApi/GetCardVerificationResult?card=5169360002627226
response = Array
(
    [Data] => 
    [Success] => 1
    [Message] => 
)


2018-07-27 02:34:56+03:00 TKLenderAPI.checkStatusCard  METHOD: GetCardVerificationResult 
url = http://82.117.249.52:8888/PublicApi/GetCardVerificationResult?card=5169360002627226
response = Array
(
    [Data] => 
    [Success] => 1
    [Message] => 
)


2018-07-27 02:35:02+03:00 TKLenderAPI.checkStatusCard  METHOD: GetCardVerificationResult 
url = http://82.117.249.52:8888/PublicApi/GetCardVerificationResult?card=5169360002627226
response = Array
(
    [Data] => 
    [Success] => 1
    [Message] => 
)


2018-07-27 02:35:08+03:00 TKLenderAPI.checkStatusCard  METHOD: GetCardVerificationResult 
url = http://82.117.249.52:8888/PublicApi/GetCardVerificationResult?card=5169360002627226
response = Array
(
    [Data] => 
    [Success] => 1
    [Message] => 
)


2018-07-27 02:35:14+03:00 TKLenderAPI.checkStatusCard  METHOD: GetCardVerificationResult 
url = http://82.117.249.52:8888/PublicApi/GetCardVerificationResult?card=5169360002627226
response = Array
(
    [Data] => 
    [Success] => 1
    [Message] => 
)


2018-07-27 02:35:20+03:00 TKLenderAPI.checkStatusCard  METHOD: GetCardVerificationResult 
url = http://82.117.249.52:8888/PublicApi/GetCardVerificationResult?card=5169360002627226
response = Array
(
    [Data] => 
    [Success] => 1
    [Message] => 
)


2018-07-27 02:35:26+03:00 TKLenderAPI.checkStatusCard  METHOD: GetCardVerificationResult 
url = http://82.117.249.52:8888/PublicApi/GetCardVerificationResult?card=5169360002627226
response = Array
(
    [Data] => 
    [Success] => 1
    [Message] => 
)


2018-07-27 02:35:32+03:00 TKLenderAPI.checkStatusCard  METHOD: GetCardVerificationResult 
url = http://82.117.249.52:8888/PublicApi/GetCardVerificationResult?card=5169360002627226
response = Array
(
    [Data] => 
    [Success] => 1
    [Message] => 
)


2018-07-27 02:40:36+03:00 TKLenderAPI.tranzzoDeleteCard METHOD: DeleteCard
request = Array
(
    [cardId] => 1582
)

response = Array
(
    [Data] => successfully deleted
    [Success] => 1
    [Message] => 
)


2018-07-27 02:41:46+03:00 TKLenderAPI.tranzooSendCardDetails  METHOD: setCardDetails 
request = Array
(
    [Card] => 5168001003143771
    [CardDateMonth] => 7
    [CardDateYear] => 19
    [Cvv] => ***
    [BackUrl] => http://dev.mycredit.ua/ru/lichnyj-kabinet/moi-karty/
)

response = Array
(
    [Success] => 
    [Message] => Bad request: Card number is not valid!
)


2018-07-27 02:42:22+03:00 TKLenderAPI.tranzooSendCardDetails  METHOD: setCardDetails 
request = Array
(
    [Card] => 5168001003143711
    [CardDateMonth] => 7
    [CardDateYear] => 19
    [Cvv] => ***
    [BackUrl] => http://dev.mycredit.ua/ru/lichnyj-kabinet/moi-karty/
)

response = Array
(
    [Data] => Ok
    [Success] => 1
    [Message] => 
)


2018-07-27 02:42:27+03:00 TKLenderAPI.checkStatusCard  METHOD: GetCardVerificationResult 
url = http://82.117.249.52:8888/PublicApi/GetCardVerificationResult?card=5168001003143711
response = Array
(
    [Data] => 
    [Success] => 1
    [Message] => 
)


2018-07-27 02:42:34+03:00 TKLenderAPI.checkStatusCard  METHOD: GetCardVerificationResult 
url = http://82.117.249.52:8888/PublicApi/GetCardVerificationResult?card=5168001003143711
response = Array
(
    [Data] => 
    [Success] => 1
    [Message] => 
)


2018-07-27 02:42:40+03:00 TKLenderAPI.checkStatusCard  METHOD: GetCardVerificationResult 
url = http://82.117.249.52:8888/PublicApi/GetCardVerificationResult?card=5168001003143711
response = Array
(
    [Data] => 
    [Success] => 1
    [Message] => 
)


2018-07-27 02:42:46+03:00 TKLenderAPI.checkStatusCard  METHOD: GetCardVerificationResult 
url = http://82.117.249.52:8888/PublicApi/GetCardVerificationResult?card=5168001003143711
response = Array
(
    [Data] => 
    [Success] => 1
    [Message] => 
)


2018-07-27 02:42:52+03:00 TKLenderAPI.checkStatusCard  METHOD: GetCardVerificationResult 
url = http://82.117.249.52:8888/PublicApi/GetCardVerificationResult?card=5168001003143711
response = Array
(
    [Data] => 
    [Success] => 1
    [Message] => 
)


2018-07-27 02:42:58+03:00 TKLenderAPI.checkStatusCard  METHOD: GetCardVerificationResult 
url = http://82.117.249.52:8888/PublicApi/GetCardVerificationResult?card=5168001003143711
response = Array
(
    [Data] => 
    [Success] => 1
    [Message] => 
)


2018-07-27 02:43:04+03:00 TKLenderAPI.checkStatusCard  METHOD: GetCardVerificationResult 
url = http://82.117.249.52:8888/PublicApi/GetCardVerificationResult?card=5168001003143711
response = Array
(
    [Data] => 
    [Success] => 1
    [Message] => 
)


2018-07-27 02:43:10+03:00 TKLenderAPI.checkStatusCard  METHOD: GetCardVerificationResult 
url = http://82.117.249.52:8888/PublicApi/GetCardVerificationResult?card=5168001003143711
response = Array
(
    [Data] => 
    [Success] => 1
    [Message] => 
)


2018-07-27 02:43:16+03:00 TKLenderAPI.checkStatusCard  METHOD: GetCardVerificationResult 
url = http://82.117.249.52:8888/PublicApi/GetCardVerificationResult?card=5168001003143711
response = Array
(
    [Data] => 
    [Success] => 1
    [Message] => 
)


2018-07-27 02:43:22+03:00 TKLenderAPI.checkStatusCard  METHOD: GetCardVerificationResult 
url = http://82.117.249.52:8888/PublicApi/GetCardVerificationResult?card=5168001003143711
response = Array
(
    [Data] => 
    [Success] => 1
    [Message] => 
)


2018-07-27 02:43:49+03:00 TKLenderAPI.tranzzoDeleteCard METHOD: DeleteCard
request = Array
(
    [cardId] => 1581
)

response = Array
(
    [Data] => successfully deleted
    [Success] => 1
    [Message] => 
)


2018-07-27 03:31:35+03:00 TKLenderAPI.tranzooSendCardDetails  METHOD: setCardDetails 
request = Array
(
    [Card] => 5169360002627226
    [CardDateMonth] => 3
    [CardDateYear] => 27
    [Cvv] => ***
    [BackUrl] => http://dev.mycredit.ua/ru/lichnyj-kabinet/moi-karty/
)

response = Array
(
    [Data] => Ok
    [Success] => 1
    [Message] => 
)


2018-07-27 03:31:40+03:00 TKLenderAPI.checkStatusCard  METHOD: GetCardVerificationResult 
url = http://82.117.249.52:8888/PublicApi/GetCardVerificationResult?card=5169360002627226
response = Array
(
    [Data] => 
    [Success] => 1
    [Message] => 
)


2018-07-27 03:31:46+03:00 TKLenderAPI.checkStatusCard  METHOD: GetCardVerificationResult 
url = http://82.117.249.52:8888/PublicApi/GetCardVerificationResult?card=5169360002627226
response = Array
(
    [Data] => 
    [Success] => 1
    [Message] => 
)


2018-07-27 03:31:52+03:00 TKLenderAPI.checkStatusCard  METHOD: GetCardVerificationResult 
url = http://82.117.249.52:8888/PublicApi/GetCardVerificationResult?card=5169360002627226
response = Array
(
    [Data] => 
    [Success] => 1
    [Message] => 
)


2018-07-27 03:31:58+03:00 TKLenderAPI.checkStatusCard  METHOD: GetCardVerificationResult 
url = http://82.117.249.52:8888/PublicApi/GetCardVerificationResult?card=5169360002627226
response = Array
(
    [Data] => 
    [Success] => 1
    [Message] => 
)


2018-07-27 03:32:04+03:00 TKLenderAPI.checkStatusCard  METHOD: GetCardVerificationResult 
url = http://82.117.249.52:8888/PublicApi/GetCardVerificationResult?card=5169360002627226
response = Array
(
    [Data] => 
    [Success] => 1
    [Message] => 
)


2018-07-27 03:32:10+03:00 TKLenderAPI.checkStatusCard  METHOD: GetCardVerificationResult 
url = http://82.117.249.52:8888/PublicApi/GetCardVerificationResult?card=5169360002627226
response = Array
(
    [Data] => 
    [Success] => 1
    [Message] => 
)


2018-07-27 03:32:16+03:00 TKLenderAPI.checkStatusCard  METHOD: GetCardVerificationResult 
url = http://82.117.249.52:8888/PublicApi/GetCardVerificationResult?card=5169360002627226
response = Array
(
    [Data] => 
    [Success] => 1
    [Message] => 
)


2018-07-27 03:32:22+03:00 TKLenderAPI.checkStatusCard  METHOD: GetCardVerificationResult 
url = http://82.117.249.52:8888/PublicApi/GetCardVerificationResult?card=5169360002627226
response = Array
(
    [Data] => 
    [Success] => 1
    [Message] => 
)


2018-07-27 03:32:28+03:00 TKLenderAPI.checkStatusCard  METHOD: GetCardVerificationResult 
url = http://82.117.249.52:8888/PublicApi/GetCardVerificationResult?card=5169360002627226
response = Array
(
    [Data] => 
    [Success] => 1
    [Message] => 
)


2018-07-27 03:32:34+03:00 TKLenderAPI.checkStatusCard  METHOD: GetCardVerificationResult 
url = http://82.117.249.52:8888/PublicApi/GetCardVerificationResult?card=5169360002627226
response = Array
(
    [Data] => 
    [Success] => 1
    [Message] => 
)


2018-07-27 03:49:35+03:00 TKLenderAPI.tranzooSendCardDetails  METHOD: setCardDetails 
request = Array
(
    [Card] => 5160360002627226
    [CardDateMonth] => 3
    [CardDateYear] => 27
    [Cvv] => ***
    [BackUrl] => http://dev.mycredit.ua/ru/registraciya-kart/
)

response = Array
(
    [Success] => 
    [Message] => Bad request: Card number is not valid!
)


2018-07-27 03:49:55+03:00 TKLenderAPI.tranzooSendCardDetails  METHOD: setCardDetails 
request = Array
(
    [Card] => 5169360002627226
    [CardDateMonth] => 3
    [CardDateYear] => 27
    [Cvv] => ***
    [BackUrl] => http://dev.mycredit.ua/ru/registraciya-kart/
)

response = Array
(
    [Data] => Ok
    [Success] => 1
    [Message] => 
)


2018-07-27 03:50:00+03:00 TKLenderAPI.checkStatusCard  METHOD: GetCardVerificationResult 
url = http://82.117.249.52:8888/PublicApi/GetCardVerificationResult?card=5169360002627226
response = Array
(
    [Data] => 
    [Success] => 1
    [Message] => 
)


2018-07-27 03:50:06+03:00 TKLenderAPI.checkStatusCard  METHOD: GetCardVerificationResult 
url = http://82.117.249.52:8888/PublicApi/GetCardVerificationResult?card=5169360002627226
response = Array
(
    [Data] => 
    [Success] => 1
    [Message] => 
)


2018-07-27 03:50:12+03:00 TKLenderAPI.checkStatusCard  METHOD: GetCardVerificationResult 
url = http://82.117.249.52:8888/PublicApi/GetCardVerificationResult?card=5169360002627226
response = Array
(
    [Data] => 
    [Success] => 1
    [Message] => 
)


2018-07-27 03:50:18+03:00 TKLenderAPI.checkStatusCard  METHOD: GetCardVerificationResult 
url = http://82.117.249.52:8888/PublicApi/GetCardVerificationResult?card=5169360002627226
response = Array
(
    [Data] => 
    [Success] => 1
    [Message] => 
)


2018-07-27 03:50:24+03:00 TKLenderAPI.checkStatusCard  METHOD: GetCardVerificationResult 
url = http://82.117.249.52:8888/PublicApi/GetCardVerificationResult?card=5169360002627226
response = Array
(
    [Data] => 
    [Success] => 1
    [Message] => 
)


2018-07-27 03:50:30+03:00 TKLenderAPI.checkStatusCard  METHOD: GetCardVerificationResult 
url = http://82.117.249.52:8888/PublicApi/GetCardVerificationResult?card=5169360002627226
response = Array
(
    [Data] => 
    [Success] => 1
    [Message] => 
)


2018-07-27 03:50:36+03:00 TKLenderAPI.checkStatusCard  METHOD: GetCardVerificationResult 
url = http://82.117.249.52:8888/PublicApi/GetCardVerificationResult?card=5169360002627226
response = Array
(
    [Data] => 
    [Success] => 1
    [Message] => 
)


2018-07-27 03:50:42+03:00 TKLenderAPI.checkStatusCard  METHOD: GetCardVerificationResult 
url = http://82.117.249.52:8888/PublicApi/GetCardVerificationResult?card=5169360002627226
response = Array
(
    [Data] => 
    [Success] => 1
    [Message] => 
)


2018-07-27 03:50:48+03:00 TKLenderAPI.checkStatusCard  METHOD: GetCardVerificationResult 
url = http://82.117.249.52:8888/PublicApi/GetCardVerificationResult?card=5169360002627226
response = Array
(
    [Data] => 
    [Success] => 1
    [Message] => 
)


2018-07-27 03:50:54+03:00 TKLenderAPI.checkStatusCard  METHOD: GetCardVerificationResult 
url = http://82.117.249.52:8888/PublicApi/GetCardVerificationResult?card=5169360002627226
response = Array
(
    [Data] => 
    [Success] => 1
    [Message] => 
)


2018-07-27 04:05:43+03:00 TKLenderAPI.tranzooSendCardDetails  METHOD: setCardDetails 
request = Array
(
    [Card] => 5168757294485968
    [CardDateMonth] => 12
    [CardDateYear] => 18
    [Cvv] => ***
    [BackUrl] => http://dev.mycredit.ua/ru/lichnyj-kabinet/moi-karty/
)

response = Array
(
    [Data] => Ok
    [Success] => 1
    [Message] => 
)


2018-07-27 04:05:48+03:00 TKLenderAPI.checkStatusCard  METHOD: GetCardVerificationResult 
url = http://82.117.249.52:8888/PublicApi/GetCardVerificationResult?card=5168757294485968
response = Array
(
    [Data] => 
    [Success] => 1
    [Message] => 
)


2018-07-27 04:05:54+03:00 TKLenderAPI.checkStatusCard  METHOD: GetCardVerificationResult 
url = http://82.117.249.52:8888/PublicApi/GetCardVerificationResult?card=5168757294485968
response = Array
(
    [Data] => 
    [Success] => 1
    [Message] => 
)


2018-07-27 04:06:00+03:00 TKLenderAPI.checkStatusCard  METHOD: GetCardVerificationResult 
url = http://82.117.249.52:8888/PublicApi/GetCardVerificationResult?card=5168757294485968
response = Array
(
    [Data] => 
    [Success] => 1
    [Message] => 
)


2018-07-27 04:06:06+03:00 TKLenderAPI.checkStatusCard  METHOD: GetCardVerificationResult 
url = http://82.117.249.52:8888/PublicApi/GetCardVerificationResult?card=5168757294485968
response = Array
(
    [Data] => 
    [Success] => 1
    [Message] => 
)


2018-07-27 04:06:12+03:00 TKLenderAPI.checkStatusCard  METHOD: GetCardVerificationResult 
url = http://82.117.249.52:8888/PublicApi/GetCardVerificationResult?card=5168757294485968
response = Array
(
    [Data] => 
    [Success] => 1
    [Message] => 
)


2018-07-27 04:06:18+03:00 TKLenderAPI.checkStatusCard  METHOD: GetCardVerificationResult 
url = http://82.117.249.52:8888/PublicApi/GetCardVerificationResult?card=5168757294485968
response = Array
(
    [Data] => 
    [Success] => 1
    [Message] => 
)


2018-07-27 04:06:24+03:00 TKLenderAPI.checkStatusCard  METHOD: GetCardVerificationResult 
url = http://82.117.249.52:8888/PublicApi/GetCardVerificationResult?card=5168757294485968
response = Array
(
    [Data] => 
    [Success] => 1
    [Message] => 
)


2018-07-27 04:06:30+03:00 TKLenderAPI.checkStatusCard  METHOD: GetCardVerificationResult 
url = http://82.117.249.52:8888/PublicApi/GetCardVerificationResult?card=5168757294485968
response = Array
(
    [Data] => 
    [Success] => 1
    [Message] => 
)


2018-07-27 04:06:36+03:00 TKLenderAPI.checkStatusCard  METHOD: GetCardVerificationResult 
url = http://82.117.249.52:8888/PublicApi/GetCardVerificationResult?card=5168757294485968
response = Array
(
    [Data] => 
    [Success] => 1
    [Message] => 
)


2018-07-27 04:06:42+03:00 TKLenderAPI.checkStatusCard  METHOD: GetCardVerificationResult 
url = http://82.117.249.52:8888/PublicApi/GetCardVerificationResult?card=5168757294485968
response = Array
(
    [Data] => 
    [Success] => 1
    [Message] => 
)


2018-07-27 04:12:27+03:00 TKLenderAPI.tranzooSendCardDetails  METHOD: setCardDetails 
request = Array
(
    [Card] => 5168757294485968
    [CardDateMonth] => 12
    [CardDateYear] => 18
    [Cvv] => ***
    [BackUrl] => http://dev.mycredit.ua/ru/lichnyj-kabinet/moi-karty/
)

response = Array
(
    [Data] => Ok
    [Success] => 1
    [Message] => 
)


2018-07-27 04:12:32+03:00 TKLenderAPI.checkStatusCard  METHOD: GetCardVerificationResult 
url = http://82.117.249.52:8888/PublicApi/GetCardVerificationResult?card=5168757294485968
response = Array
(
    [Data] => 
    [Success] => 1
    [Message] => 
)


2018-07-27 04:12:38+03:00 TKLenderAPI.checkStatusCard  METHOD: GetCardVerificationResult 
url = http://82.117.249.52:8888/PublicApi/GetCardVerificationResult?card=5168757294485968
response = Array
(
    [Data] => 
    [Success] => 1
    [Message] => 
)


2018-07-27 04:12:44+03:00 TKLenderAPI.checkStatusCard  METHOD: GetCardVerificationResult 
url = http://82.117.249.52:8888/PublicApi/GetCardVerificationResult?card=5168757294485968
response = Array
(
    [Data] => 
    [Success] => 1
    [Message] => 
)


2018-07-27 04:12:50+03:00 TKLenderAPI.checkStatusCard  METHOD: GetCardVerificationResult 
url = http://82.117.249.52:8888/PublicApi/GetCardVerificationResult?card=5168757294485968
response = Array
(
    [Data] => 
    [Success] => 1
    [Message] => 
)


2018-07-27 04:12:56+03:00 TKLenderAPI.checkStatusCard  METHOD: GetCardVerificationResult 
url = http://82.117.249.52:8888/PublicApi/GetCardVerificationResult?card=5168757294485968
response = Array
(
    [Data] => 
    [Success] => 1
    [Message] => 
)


2018-07-27 04:13:02+03:00 TKLenderAPI.checkStatusCard  METHOD: GetCardVerificationResult 
url = http://82.117.249.52:8888/PublicApi/GetCardVerificationResult?card=5168757294485968
response = Array
(
    [Data] => 
    [Success] => 1
    [Message] => 
)


2018-07-27 04:13:08+03:00 TKLenderAPI.checkStatusCard  METHOD: GetCardVerificationResult 
url = http://82.117.249.52:8888/PublicApi/GetCardVerificationResult?card=5168757294485968
response = Array
(
    [Data] => 
    [Success] => 1
    [Message] => 
)


2018-07-27 04:13:14+03:00 TKLenderAPI.checkStatusCard  METHOD: GetCardVerificationResult 
url = http://82.117.249.52:8888/PublicApi/GetCardVerificationResult?card=5168757294485968
response = Array
(
    [Data] => 
    [Success] => 1
    [Message] => 
)


2018-07-27 04:13:21+03:00 TKLenderAPI.checkStatusCard  METHOD: GetCardVerificationResult 
url = http://82.117.249.52:8888/PublicApi/GetCardVerificationResult?card=5168757294485968
response = Array
(
    [Data] => 
    [Success] => 1
    [Message] => 
)


2018-07-27 04:13:27+03:00 TKLenderAPI.checkStatusCard  METHOD: GetCardVerificationResult 
url = http://82.117.249.52:8888/PublicApi/GetCardVerificationResult?card=5168757294485968
response = Array
(
    [Data] => 
    [Success] => 1
    [Message] => 
)


2018-07-27 04:22:46+03:00 TKLenderAPI.tranzooSendCardDetails  METHOD: setCardDetails 
request = Array
(
    [Card] => 5168757294485968
    [CardDateMonth] => 12
    [CardDateYear] => 18
    [Cvv] => ***
    [BackUrl] => http://dev.mycredit.ua/ru/lichnyj-kabinet/moi-karty/
)

response = Array
(
    [Data] => Ok
    [Success] => 1
    [Message] => 
)


2018-07-27 04:32:42+03:00 TKLenderAPI.tranzooSendCardDetails  METHOD: setCardDetails 
request = Array
(
    [Card] => 5168757294485968
    [CardDateMonth] => 12
    [CardDateYear] => 18
    [Cvv] => ***
    [BackUrl] => http://dev.mycredit.ua/ru/lichnyj-kabinet/moi-karty/
)

response = Array
(
    [Data] => Ok
    [Success] => 1
    [Message] => 
)


2018-07-27 04:32:47+03:00 TKLenderAPI.checkStatusCard  METHOD: GetCardVerificationResult 
url = http://82.117.249.52:8888/PublicApi/GetCardVerificationResult?card=5168757294485968
response = Array
(
    [Data] => 
    [Success] => 1
    [Message] => 
)


2018-07-27 04:32:53+03:00 TKLenderAPI.checkStatusCard  METHOD: GetCardVerificationResult 
url = http://82.117.249.52:8888/PublicApi/GetCardVerificationResult?card=5168757294485968
response = Array
(
    [Data] => 
    [Success] => 1
    [Message] => 
)


2018-07-27 04:32:59+03:00 TKLenderAPI.checkStatusCard  METHOD: GetCardVerificationResult 
url = http://82.117.249.52:8888/PublicApi/GetCardVerificationResult?card=5168757294485968
response = Array
(
    [Data] => 
    [Success] => 1
    [Message] => 
)


2018-07-27 04:33:05+03:00 TKLenderAPI.checkStatusCard  METHOD: GetCardVerificationResult 
url = http://82.117.249.52:8888/PublicApi/GetCardVerificationResult?card=5168757294485968
response = Array
(
    [Data] => 
    [Success] => 1
    [Message] => 
)


2018-07-27 04:33:11+03:00 TKLenderAPI.checkStatusCard  METHOD: GetCardVerificationResult 
url = http://82.117.249.52:8888/PublicApi/GetCardVerificationResult?card=5168757294485968
response = Array
(
    [Data] => 
    [Success] => 1
    [Message] => 
)


2018-07-27 04:33:17+03:00 TKLenderAPI.checkStatusCard  METHOD: GetCardVerificationResult 
url = http://82.117.249.52:8888/PublicApi/GetCardVerificationResult?card=5168757294485968
response = Array
(
    [Data] => 
    [Success] => 1
    [Message] => 
)


2018-07-27 04:33:23+03:00 TKLenderAPI.checkStatusCard  METHOD: GetCardVerificationResult 
url = http://82.117.249.52:8888/PublicApi/GetCardVerificationResult?card=5168757294485968
response = Array
(
    [Data] => 
    [Success] => 1
    [Message] => 
)


2018-07-27 04:33:29+03:00 TKLenderAPI.checkStatusCard  METHOD: GetCardVerificationResult 
url = http://82.117.249.52:8888/PublicApi/GetCardVerificationResult?card=5168757294485968
response = Array
(
    [Data] => 
    [Success] => 1
    [Message] => 
)


2018-07-27 04:33:35+03:00 TKLenderAPI.checkStatusCard  METHOD: GetCardVerificationResult 
url = http://82.117.249.52:8888/PublicApi/GetCardVerificationResult?card=5168757294485968
response = Array
(
    [Data] => 
    [Success] => 1
    [Message] => 
)


2018-07-27 04:33:41+03:00 TKLenderAPI.checkStatusCard  METHOD: GetCardVerificationResult 
url = http://82.117.249.52:8888/PublicApi/GetCardVerificationResult?card=5168757294485968
response = Array
(
    [Data] => 
    [Success] => 1
    [Message] => 
)


2018-07-27 04:38:05+03:00 TKLenderAPI.tranzooSendCardDetails  METHOD: setCardDetails 
request = Array
(
    [Card] => 5168757294485968
    [CardDateMonth] => 12
    [CardDateYear] => 18
    [Cvv] => ***
    [BackUrl] => http://dev.mycredit.ua/ru/lichnyj-kabinet/moi-karty/
)

response = Array
(
    [Data] => Ok
    [Success] => 1
    [Message] => 
)


2018-07-27 04:38:10+03:00 TKLenderAPI.checkStatusCard  METHOD: GetCardVerificationResult 
url = http://82.117.249.52:8888/PublicApi/GetCardVerificationResult?card=5168757294485968
response = Array
(
    [Data] => 
    [Success] => 1
    [Message] => 
)


2018-07-27 04:38:16+03:00 TKLenderAPI.checkStatusCard  METHOD: GetCardVerificationResult 
url = http://82.117.249.52:8888/PublicApi/GetCardVerificationResult?card=5168757294485968
response = Array
(
    [Data] => 
    [Success] => 1
    [Message] => 
)


2018-07-27 04:38:22+03:00 TKLenderAPI.checkStatusCard  METHOD: GetCardVerificationResult 
url = http://82.117.249.52:8888/PublicApi/GetCardVerificationResult?card=5168757294485968
response = Array
(
    [Data] => 
    [Success] => 1
    [Message] => 
)


2018-07-27 04:38:28+03:00 TKLenderAPI.checkStatusCard  METHOD: GetCardVerificationResult 
url = http://82.117.249.52:8888/PublicApi/GetCardVerificationResult?card=5168757294485968
response = Array
(
    [Data] => 
    [Success] => 1
    [Message] => 
)


2018-07-27 04:38:34+03:00 TKLenderAPI.checkStatusCard  METHOD: GetCardVerificationResult 
url = http://82.117.249.52:8888/PublicApi/GetCardVerificationResult?card=5168757294485968
response = Array
(
    [Data] => 
    [Success] => 1
    [Message] => 
)


2018-07-27 04:38:40+03:00 TKLenderAPI.checkStatusCard  METHOD: GetCardVerificationResult 
url = http://82.117.249.52:8888/PublicApi/GetCardVerificationResult?card=5168757294485968
response = Array
(
    [Data] => 
    [Success] => 1
    [Message] => 
)


2018-07-27 04:38:46+03:00 TKLenderAPI.checkStatusCard  METHOD: GetCardVerificationResult 
url = http://82.117.249.52:8888/PublicApi/GetCardVerificationResult?card=5168757294485968
response = Array
(
    [Data] => 
    [Success] => 1
    [Message] => 
)


2018-07-27 04:38:52+03:00 TKLenderAPI.checkStatusCard  METHOD: GetCardVerificationResult 
url = http://82.117.249.52:8888/PublicApi/GetCardVerificationResult?card=5168757294485968
response = Array
(
    [Data] => 
    [Success] => 1
    [Message] => 
)


2018-07-27 04:38:58+03:00 TKLenderAPI.checkStatusCard  METHOD: GetCardVerificationResult 
url = http://82.117.249.52:8888/PublicApi/GetCardVerificationResult?card=5168757294485968
response = Array
(
    [Data] => 
    [Success] => 1
    [Message] => 
)


2018-07-27 04:39:04+03:00 TKLenderAPI.checkStatusCard  METHOD: GetCardVerificationResult 
url = http://82.117.249.52:8888/PublicApi/GetCardVerificationResult?card=5168757294485968
response = Array
(
    [Data] => 
    [Success] => 1
    [Message] => 
)


2018-07-27 04:57:56+03:00 TKLenderAPI.tranzooSendCardDetails  METHOD: setCardDetails 
request = Array
(
    [Card] => 5168757294485968
    [CardDateMonth] => 12
    [CardDateYear] => 18
    [Cvv] => ***
    [BackUrl] => http://dev.mycredit.ua/ru/lichnyj-kabinet/moi-karty/
)

response = Array
(
    [Data] => Ok
    [Success] => 1
    [Message] => 
)


2018-07-27 04:58:01+03:00 TKLenderAPI.checkStatusCard  METHOD: GetCardVerificationResult 
url = http://82.117.249.52:8888/PublicApi/GetCardVerificationResult?card=5168757294485968
response = Array
(
    [Data] => 
    [Success] => 1
    [Message] => 
)


2018-07-27 04:58:07+03:00 TKLenderAPI.checkStatusCard  METHOD: GetCardVerificationResult 
url = http://82.117.249.52:8888/PublicApi/GetCardVerificationResult?card=5168757294485968
response = Array
(
    [Data] => 
    [Success] => 1
    [Message] => 
)


2018-07-27 04:58:13+03:00 TKLenderAPI.checkStatusCard  METHOD: GetCardVerificationResult 
url = http://82.117.249.52:8888/PublicApi/GetCardVerificationResult?card=5168757294485968
response = Array
(
    [Data] => 
    [Success] => 1
    [Message] => 
)


2018-07-27 04:58:19+03:00 TKLenderAPI.checkStatusCard  METHOD: GetCardVerificationResult 
url = http://82.117.249.52:8888/PublicApi/GetCardVerificationResult?card=5168757294485968
response = Array
(
    [Data] => 
    [Success] => 1
    [Message] => 
)


2018-07-27 04:58:25+03:00 TKLenderAPI.checkStatusCard  METHOD: GetCardVerificationResult 
url = http://82.117.249.52:8888/PublicApi/GetCardVerificationResult?card=5168757294485968
response = Array
(
    [Data] => 
    [Success] => 1
    [Message] => 
)


2018-07-27 04:58:31+03:00 TKLenderAPI.checkStatusCard  METHOD: GetCardVerificationResult 
url = http://82.117.249.52:8888/PublicApi/GetCardVerificationResult?card=5168757294485968
response = Array
(
    [Data] => 
    [Success] => 1
    [Message] => 
)


2018-07-27 04:58:37+03:00 TKLenderAPI.checkStatusCard  METHOD: GetCardVerificationResult 
url = http://82.117.249.52:8888/PublicApi/GetCardVerificationResult?card=5168757294485968
response = Array
(
    [Data] => 
    [Success] => 1
    [Message] => 
)


2018-07-27 04:58:43+03:00 TKLenderAPI.checkStatusCard  METHOD: GetCardVerificationResult 
url = http://82.117.249.52:8888/PublicApi/GetCardVerificationResult?card=5168757294485968
response = Array
(
    [Data] => 
    [Success] => 1
    [Message] => 
)


2018-07-27 04:58:49+03:00 TKLenderAPI.checkStatusCard  METHOD: GetCardVerificationResult 
url = http://82.117.249.52:8888/PublicApi/GetCardVerificationResult?card=5168757294485968
response = Array
(
    [Data] => 
    [Success] => 1
    [Message] => 
)


2018-07-27 04:58:55+03:00 TKLenderAPI.checkStatusCard  METHOD: GetCardVerificationResult 
url = http://82.117.249.52:8888/PublicApi/GetCardVerificationResult?card=5168757294485968
response = Array
(
    [Data] => 
    [Success] => 1
    [Message] => 
)


2018-07-27 05:03:57+03:00 TKLenderAPI.tranzooSendCardDetails  METHOD: setCardDetails 
request = Array
(
    [Card] => 5168757294485968
    [CardDateMonth] => 12
    [CardDateYear] => 18
    [Cvv] => ***
    [BackUrl] => http://dev.mycredit.ua/ru/lichnyj-kabinet/moi-karty/
)

response = Array
(
    [Data] => Ok
    [Success] => 1
    [Message] => 
)


2018-07-27 05:04:02+03:00 TKLenderAPI.checkStatusCard  METHOD: GetCardVerificationResult 
url = http://82.117.249.52:8888/PublicApi/GetCardVerificationResult?card=5168757294485968
response = Array
(
    [Data] => Array
        (
            [ProtectedCardNumber] => 516875******5968
            [CardIdentification] => 1
            [HasTokenInTranzzo] => 1
            [IsCustomerVerifiedInTranzzo] => 
            [VerifiedURL] => https://ing.tranzzo.com/s3st?a=start_3ds&tid=0392f977ac9049738a013143d697fa733a171e14e364f6ed0ee68051ffc9eeafd49bfa77
        )

    [Success] => 1
    [Message] => 
)


